==33003== Memcheck, a memory error detector
==33003== Copyright (C) 2002-2017, and GNU GPL'd, by Julian Seward et al.
==33003== Using Valgrind-3.15.0 and LibVEX; rerun with -h for copyright info
==33003== Command: bin/charla -p 9999
==33003== Parent PID: 32990
==33003== 
==33003== Thread 2:
==33003== Invalid read of size 4
==33003==    at 0x486BFC4: pthread_mutex_lock (pthread_mutex_lock.c:67)
==33003==    by 0x10B5BA: user_unref (user.c:55)
==33003==    by 0x10C5D8: client_unref (client.c:137)
==33003==    by 0x10BDE0: creg_unregister (in /home/student/abaidya/hw5/bin/charla)
==33003==    by 0x10F43F: chla_client_service (in /home/student/abaidya/hw5/bin/charla)
==33003==    by 0x4869608: start_thread (pthread_create.c:477)
==33003==    by 0x49A5292: clone (clone.S:95)
==33003==  Address 0x20 is not stack'd, malloc'd or (recently) free'd
==33003== 
==33003== 
==33003== Process terminating with default action of signal 11 (SIGSEGV)
==33003==  Access not within mapped region at address 0x20
==33003==    at 0x486BFC4: pthread_mutex_lock (pthread_mutex_lock.c:67)
==33003==    by 0x10B5BA: user_unref (user.c:55)
==33003==    by 0x10C5D8: client_unref (client.c:137)
==33003==    by 0x10BDE0: creg_unregister (in /home/student/abaidya/hw5/bin/charla)
==33003==    by 0x10F43F: chla_client_service (in /home/student/abaidya/hw5/bin/charla)
==33003==    by 0x4869608: start_thread (pthread_create.c:477)
==33003==    by 0x49A5292: clone (clone.S:95)
==33003==  If you believe this happened as a result of a stack
==33003==  overflow in your program's main thread (unlikely but
==33003==  possible), you can try to increase the size of the
==33003==  main thread stack using the --main-stacksize= flag.
==33003==  The main thread stack size used in this run was 8388608.
==33003== 
==33003== FILE DESCRIPTORS: 8 open at exit.
==33003== Open AF_INET socket 5: 0.0.0.0:9999 <-> unbound
==33003==    at 0x49A690B: socket (syscall-template.S:78)
==33003==    by 0x10E7BA: open_listenfd (csapp.c:1015)
==33003==    by 0x10E918: Open_listenfd (csapp.c:1062)
==33003==    by 0x10AD66: main (main.c:61)
==33003== 
==33003== Open file descriptor 13: /dev/shm/bxf_arena_32988 (deleted)
==33003==    <inherited from parent>
==33003== 
==33003== Open file descriptor 12: /dev/shm/bxf_arena_32988 (deleted)
==33003==    <inherited from parent>
==33003== 
==33003== Open file descriptor 4:
==33003==    <inherited from parent>
==33003== 
==33003== Open file descriptor 3: /home/student/abaidya/hw5/valgrind.out
==33003==    <inherited from parent>
==33003== 
==33003== Open file descriptor 2: /dev/pts/25
==33003==    <inherited from parent>
==33003== 
==33003== Open file descriptor 1: /dev/pts/25
==33003==    <inherited from parent>
==33003== 
==33003== Open file descriptor 0:
==33003==    <inherited from parent>
==33003== 
==33003== 
==33003== HEAP SUMMARY:
==33003==     in use at exit: 484 bytes in 7 blocks
==33003==   total heap usage: 14 allocs, 7 frees, 6,876 bytes allocated
==33003== 
==33003== Thread 1:
==33003== 16 bytes in 1 blocks are definitely lost in loss record 3 of 7
==33003==    at 0x483B7F3: malloc (in /usr/lib/x86_64-linux-gnu/valgrind/vgpreload_memcheck-amd64-linux.so)
==33003==    by 0x10B024: ureg_init (user_registry.c:35)
==33003==    by 0x10AD24: main (main.c:50)
==33003== 
==33003== 272 bytes in 1 blocks are possibly lost in loss record 7 of 7
==33003==    at 0x483DD99: calloc (in /usr/lib/x86_64-linux-gnu/valgrind/vgpreload_memcheck-amd64-linux.so)
==33003==    by 0x40149CA: allocate_dtv (dl-tls.c:286)
==33003==    by 0x40149CA: _dl_allocate_tls (dl-tls.c:532)
==33003==    by 0x486A322: allocate_stack (allocatestack.c:622)
==33003==    by 0x486A322: pthread_create@@GLIBC_2.2.5 (pthread_create.c:660)
==33003==    by 0x10DEA7: Pthread_create (csapp.c:680)
==33003==    by 0x10AE12: main (main.c:82)
==33003== 
==33003== LEAK SUMMARY:
==33003==    definitely lost: 16 bytes in 1 blocks
==33003==    indirectly lost: 0 bytes in 0 blocks
==33003==      possibly lost: 272 bytes in 1 blocks
==33003==    still reachable: 196 bytes in 5 blocks
==33003==         suppressed: 0 bytes in 0 blocks
==33003== Reachable blocks (those to which a pointer was found) are not shown.
==33003== To see them, rerun with: --leak-check=full --show-leak-kinds=all
==33003== 
==33003== For lists of detected and suppressed errors, rerun with: -s
==33003== ERROR SUMMARY: 3 errors from 3 contexts (suppressed: 0 from 0)
